c:\users\dante\source\repos\course_work\synchronizer_course\x64\release\synchronizer_course.pch
c:\users\dante\source\repos\course_work\synchronizer_course\x64\release\vc141.pdb
c:\users\dante\source\repos\course_work\synchronizer_course\x64\release\stdafx.obj
c:\users\dante\source\repos\course_work\synchronizer_course\x64\release\synchronizer_course.obj
c:\users\dante\source\repos\course_work\synchronizer_course\x64\release\synchronizer.obj
c:\users\dante\source\repos\course_work\synchronizer_course\x64\release\redir.obj
c:\users\dante\source\repos\course_work\synchronizer_course\x64\release\menu.obj
c:\users\dante\source\repos\course_work\synchronizer_course\x64\release\fileordirectory.obj
c:\users\dante\source\repos\course_work\synchronizer_course\x64\release\copying.obj
c:\users\dante\source\repos\course_work\synchronizer_course\x64\release\checking.obj
c:\users\dante\source\repos\course_work\x64\release\synchronizer_course.exe
c:\users\dante\source\repos\course_work\x64\release\synchronizer_course.pdb
c:\users\dante\source\repos\course_work\x64\release\synchronizer_course.ipdb
c:\users\dante\source\repos\course_work\x64\release\synchronizer_course.iobj
c:\users\dante\source\repos\course_work\synchronizer_course\x64\release\synchron.40054bf9.tlog\cl.command.1.tlog
c:\users\dante\source\repos\course_work\synchronizer_course\x64\release\synchron.40054bf9.tlog\cl.read.1.tlog
c:\users\dante\source\repos\course_work\synchronizer_course\x64\release\synchron.40054bf9.tlog\cl.write.1.tlog
c:\users\dante\source\repos\course_work\synchronizer_course\x64\release\synchron.40054bf9.tlog\link.command.1.tlog
c:\users\dante\source\repos\course_work\synchronizer_course\x64\release\synchron.40054bf9.tlog\link.read.1.tlog
c:\users\dante\source\repos\course_work\synchronizer_course\x64\release\synchron.40054bf9.tlog\link.write.1.tlog
c:\users\dante\source\repos\course_work\synchronizer_course\x64\release\synchron.40054bf9.tlog\synchronizer_course.write.1u.tlog
